c:\users\noah_\documents\school\comp371\a2\lab02\lab_framework\build\debug\vc142.pdb
c:\users\noah_\documents\school\comp371\a2\lab02\lab_framework\build\debug\vc142.idb
c:\users\noah_\documents\school\comp371\a2\lab02\lab_framework\build\debug\assignment1_40033784.obj
c:\users\noah_\documents\school\comp371\practice\lab02\lab_framework\build\debug\vc142.pdb
c:\users\noah_\documents\school\comp371\practice\lab02\lab_framework\build\debug\vc142.idb
c:\users\noah_\documents\school\comp371\practice\lab02\lab_framework\build\debug\application.obj
c:\users\noah_\documents\school\comp371\a2\lab02\lab_framework\bin\labs-debug.ilk
c:\users\noah_\documents\school\comp371\a2\lab02\lab_framework\bin\labs-debug.exe
c:\users\noah_\documents\school\comp371\a2\lab02\lab_framework\bin\labs-debug.pdb
c:\users\noah_\documents\school\comp371\practice\lab02\lab_framework\bin\labs-debug.exe
c:\users\noah_\documents\school\comp371\practice\lab02\lab_framework\bin\labs-debug.ilk
c:\users\noah_\documents\school\comp371\practice\lab02\lab_framework\bin\labs-debug.pdb
c:\users\noah_\documents\school\comp371\practice\lab02\lab_framework\build\debug\assignment1_40033784.obj
c:\users\noah_\documents\school\comp371\practice\lab02\lab_framework\vs2017\/../bin/labs-debug.pdb
c:\users\noah_\documents\school\comp371\practice\lab02\lab_framework\vs2017\/../bin/labs-debug.exe
c:\users\noah_\documents\school\comp371\practice\lab02\lab_framework\vs2017\/../bin/labs-debug.ilk
c:\users\noah_\documents\school\comp371\practice\lab02\lab_framework\build\debug\labs.tlog\cl.command.1.tlog
c:\users\noah_\documents\school\comp371\practice\lab02\lab_framework\build\debug\labs.tlog\cl.read.1.tlog
c:\users\noah_\documents\school\comp371\practice\lab02\lab_framework\build\debug\labs.tlog\cl.write.1.tlog
c:\users\noah_\documents\school\comp371\practice\lab02\lab_framework\build\debug\labs.tlog\link.command.1.tlog
c:\users\noah_\documents\school\comp371\practice\lab02\lab_framework\build\debug\labs.tlog\link.read.1.tlog
c:\users\noah_\documents\school\comp371\practice\lab02\lab_framework\build\debug\labs.tlog\link.write.1.tlog
